{"G:\\Uaa\\Sistema htal Web\\Shtal\\ShtalBack\\consultas.js": {"path":"G:\\Uaa\\Sistema htal Web\\Shtal\\ShtalBack\\consultas.js","statementMap":{"0":{"start":{"line":1,"column":13},"end":{"line":1,"column":29}},"1":{"start":{"line":7,"column":18},"end":{"line":13,"column":1}},"2":{"start":{"line":14,"column":15},"end":{"line":14,"column":35}},"3":{"start":{"line":16,"column":0},"end":{"line":35,"column":3}},"4":{"start":{"line":17,"column":4},"end":{"line":20,"column":5}},"5":{"start":{"line":19,"column":8},"end":{"line":19,"column":82}},"6":{"start":{"line":22,"column":4},"end":{"line":25,"column":5}},"7":{"start":{"line":24,"column":8},"end":{"line":24,"column":97}},"8":{"start":{"line":28,"column":20},"end":{"line":32,"column":5}},"9":{"start":{"line":34,"column":4},"end":{"line":34,"column":28}},"10":{"start":{"line":39,"column":16},"end":{"line":44,"column":1}},"11":{"start":{"line":46,"column":20},"end":{"line":46,"column":40}},"12":{"start":{"line":48,"column":0},"end":{"line":55,"column":3}},"13":{"start":{"line":49,"column":4},"end":{"line":52,"column":5}},"14":{"start":{"line":51,"column":8},"end":{"line":51,"column":28}},"15":{"start":{"line":54,"column":4},"end":{"line":54,"column":21}},"16":{"start":{"line":60,"column":16},"end":{"line":64,"column":5}},"17":{"start":{"line":65,"column":4},"end":{"line":74,"column":7}},"18":{"start":{"line":66,"column":8},"end":{"line":69,"column":9}},"19":{"start":{"line":68,"column":12},"end":{"line":68,"column":107}},"20":{"start":{"line":70,"column":8},"end":{"line":72,"column":9}},"21":{"start":{"line":71,"column":12},"end":{"line":71,"column":92}},"22":{"start":{"line":73,"column":8},"end":{"line":73,"column":80}},"23":{"start":{"line":78,"column":4},"end":{"line":80,"column":5}},"24":{"start":{"line":79,"column":8},"end":{"line":79,"column":84}},"25":{"start":{"line":85,"column":4},"end":{"line":127,"column":6}},"26":{"start":{"line":89,"column":12},"end":{"line":92,"column":13}},"27":{"start":{"line":91,"column":16},"end":{"line":91,"column":103}},"28":{"start":{"line":94,"column":12},"end":{"line":96,"column":13}},"29":{"start":{"line":95,"column":16},"end":{"line":95,"column":86}},"30":{"start":{"line":98,"column":33},"end":{"line":98,"column":57}},"31":{"start":{"line":99,"column":32},"end":{"line":99,"column":58}},"32":{"start":{"line":103,"column":12},"end":{"line":125,"column":14}},"33":{"start":{"line":107,"column":20},"end":{"line":110,"column":21}},"34":{"start":{"line":109,"column":24},"end":{"line":109,"column":116}},"35":{"start":{"line":114,"column":20},"end":{"line":116,"column":21}},"36":{"start":{"line":115,"column":24},"end":{"line":115,"column":104}},"37":{"start":{"line":118,"column":20},"end":{"line":123,"column":23}},"38":{"start":{"line":132,"column":18},"end":{"line":134,"column":5}},"39":{"start":{"line":135,"column":4},"end":{"line":141,"column":7}},"40":{"start":{"line":136,"column":8},"end":{"line":139,"column":9}},"41":{"start":{"line":138,"column":12},"end":{"line":138,"column":32}},"42":{"start":{"line":140,"column":8},"end":{"line":140,"column":26}},"43":{"start":{"line":145,"column":18},"end":{"line":147,"column":5}},"44":{"start":{"line":148,"column":4},"end":{"line":154,"column":7}},"45":{"start":{"line":149,"column":8},"end":{"line":152,"column":9}},"46":{"start":{"line":151,"column":12},"end":{"line":151,"column":32}},"47":{"start":{"line":153,"column":8},"end":{"line":153,"column":26}},"48":{"start":{"line":158,"column":12},"end":{"line":162,"column":5}},"49":{"start":{"line":164,"column":4},"end":{"line":191,"column":7}},"50":{"start":{"line":165,"column":8},"end":{"line":168,"column":9}},"51":{"start":{"line":167,"column":12},"end":{"line":167,"column":104}},"52":{"start":{"line":169,"column":8},"end":{"line":171,"column":9}},"53":{"start":{"line":170,"column":12},"end":{"line":170,"column":91}},"54":{"start":{"line":174,"column":8},"end":{"line":178,"column":10}},"55":{"start":{"line":179,"column":8},"end":{"line":190,"column":11}},"56":{"start":{"line":180,"column":12},"end":{"line":183,"column":13}},"57":{"start":{"line":182,"column":16},"end":{"line":182,"column":116}},"58":{"start":{"line":184,"column":12},"end":{"line":186,"column":13}},"59":{"start":{"line":185,"column":16},"end":{"line":185,"column":99}},"60":{"start":{"line":189,"column":12},"end":{"line":189,"column":81}},"61":{"start":{"line":195,"column":18},"end":{"line":199,"column":5}},"62":{"start":{"line":200,"column":4},"end":{"line":209,"column":7}},"63":{"start":{"line":201,"column":8},"end":{"line":204,"column":9}},"64":{"start":{"line":203,"column":12},"end":{"line":203,"column":108}},"65":{"start":{"line":205,"column":8},"end":{"line":207,"column":9}},"66":{"start":{"line":206,"column":12},"end":{"line":206,"column":92}},"67":{"start":{"line":208,"column":8},"end":{"line":208,"column":81}},"68":{"start":{"line":212,"column":0},"end":{"line":212,"column":149}}},"fnMap":{"0":{"name":"validarCuenta","decl":{"start":{"line":4,"column":9},"end":{"line":4,"column":22}},"loc":{"start":{"line":4,"column":65},"end":{"line":36,"column":1}},"line":4},"1":{"name":"(anonymous_1)","decl":{"start":{"line":16,"column":32},"end":{"line":16,"column":33}},"loc":{"start":{"line":16,"column":50},"end":{"line":35,"column":1}},"line":16},"2":{"name":"mostrar","decl":{"start":{"line":38,"column":9},"end":{"line":38,"column":16}},"loc":{"start":{"line":38,"column":55},"end":{"line":56,"column":1}},"line":38},"3":{"name":"(anonymous_3)","decl":{"start":{"line":48,"column":60},"end":{"line":48,"column":61}},"loc":{"start":{"line":48,"column":82},"end":{"line":55,"column":1}},"line":48},"4":{"name":"modificarUser","decl":{"start":{"line":59,"column":9},"end":{"line":59,"column":22}},"loc":{"start":{"line":59,"column":89},"end":{"line":75,"column":1}},"line":59},"5":{"name":"(anonymous_5)","decl":{"start":{"line":65,"column":74},"end":{"line":65,"column":75}},"loc":{"start":{"line":65,"column":92},"end":{"line":74,"column":5}},"line":65},"6":{"name":"cambiarStatus","decl":{"start":{"line":77,"column":9},"end":{"line":77,"column":22}},"loc":{"start":{"line":77,"column":53},"end":{"line":128,"column":1}},"line":77},"7":{"name":"(anonymous_7)","decl":{"start":{"line":88,"column":8},"end":{"line":88,"column":9}},"loc":{"start":{"line":88,"column":25},"end":{"line":126,"column":9}},"line":88},"8":{"name":"(anonymous_8)","decl":{"start":{"line":106,"column":16},"end":{"line":106,"column":17}},"loc":{"start":{"line":106,"column":34},"end":{"line":124,"column":17}},"line":106},"9":{"name":"mostrarReportes","decl":{"start":{"line":131,"column":9},"end":{"line":131,"column":24}},"loc":{"start":{"line":131,"column":47},"end":{"line":142,"column":1}},"line":131},"10":{"name":"(anonymous_10)","decl":{"start":{"line":135,"column":28},"end":{"line":135,"column":29}},"loc":{"start":{"line":135,"column":46},"end":{"line":141,"column":5}},"line":135},"11":{"name":"registrosHistorialReportes","decl":{"start":{"line":144,"column":9},"end":{"line":144,"column":35}},"loc":{"start":{"line":144,"column":58},"end":{"line":155,"column":1}},"line":144},"12":{"name":"(anonymous_12)","decl":{"start":{"line":148,"column":28},"end":{"line":148,"column":29}},"loc":{"start":{"line":148,"column":46},"end":{"line":154,"column":5}},"line":148},"13":{"name":"cerrarReporte","decl":{"start":{"line":157,"column":9},"end":{"line":157,"column":22}},"loc":{"start":{"line":157,"column":83},"end":{"line":192,"column":1}},"line":157},"14":{"name":"(anonymous_14)","decl":{"start":{"line":164,"column":52},"end":{"line":164,"column":53}},"loc":{"start":{"line":164,"column":70},"end":{"line":191,"column":5}},"line":164},"15":{"name":"(anonymous_15)","decl":{"start":{"line":179,"column":50},"end":{"line":179,"column":51}},"loc":{"start":{"line":179,"column":68},"end":{"line":190,"column":9}},"line":179},"16":{"name":"cambiarContrasena","decl":{"start":{"line":194,"column":9},"end":{"line":194,"column":26}},"loc":{"start":{"line":194,"column":74},"end":{"line":210,"column":1}},"line":194},"17":{"name":"(anonymous_17)","decl":{"start":{"line":200,"column":55},"end":{"line":200,"column":56}},"loc":{"start":{"line":200,"column":73},"end":{"line":209,"column":5}},"line":200}},"branchMap":{"0":{"loc":{"start":{"line":17,"column":4},"end":{"line":20,"column":5}},"type":"if","locations":[{"start":{"line":17,"column":4},"end":{"line":20,"column":5}},{"start":{},"end":{}}],"line":17},"1":{"loc":{"start":{"line":22,"column":4},"end":{"line":25,"column":5}},"type":"if","locations":[{"start":{"line":22,"column":4},"end":{"line":25,"column":5}},{"start":{},"end":{}}],"line":22},"2":{"loc":{"start":{"line":49,"column":4},"end":{"line":52,"column":5}},"type":"if","locations":[{"start":{"line":49,"column":4},"end":{"line":52,"column":5}},{"start":{},"end":{}}],"line":49},"3":{"loc":{"start":{"line":66,"column":8},"end":{"line":69,"column":9}},"type":"if","locations":[{"start":{"line":66,"column":8},"end":{"line":69,"column":9}},{"start":{},"end":{}}],"line":66},"4":{"loc":{"start":{"line":70,"column":8},"end":{"line":72,"column":9}},"type":"if","locations":[{"start":{"line":70,"column":8},"end":{"line":72,"column":9}},{"start":{},"end":{}}],"line":70},"5":{"loc":{"start":{"line":78,"column":4},"end":{"line":80,"column":5}},"type":"if","locations":[{"start":{"line":78,"column":4},"end":{"line":80,"column":5}},{"start":{},"end":{}}],"line":78},"6":{"loc":{"start":{"line":89,"column":12},"end":{"line":92,"column":13}},"type":"if","locations":[{"start":{"line":89,"column":12},"end":{"line":92,"column":13}},{"start":{},"end":{}}],"line":89},"7":{"loc":{"start":{"line":94,"column":12},"end":{"line":96,"column":13}},"type":"if","locations":[{"start":{"line":94,"column":12},"end":{"line":96,"column":13}},{"start":{},"end":{}}],"line":94},"8":{"loc":{"start":{"line":94,"column":16},"end":{"line":94,"column":46}},"type":"binary-expr","locations":[{"start":{"line":94,"column":16},"end":{"line":94,"column":23}},{"start":{"line":94,"column":27},"end":{"line":94,"column":46}}],"line":94},"9":{"loc":{"start":{"line":99,"column":32},"end":{"line":99,"column":58}},"type":"cond-expr","locations":[{"start":{"line":99,"column":53},"end":{"line":99,"column":54}},{"start":{"line":99,"column":57},"end":{"line":99,"column":58}}],"line":99},"10":{"loc":{"start":{"line":107,"column":20},"end":{"line":110,"column":21}},"type":"if","locations":[{"start":{"line":107,"column":20},"end":{"line":110,"column":21}},{"start":{},"end":{}}],"line":107},"11":{"loc":{"start":{"line":114,"column":20},"end":{"line":116,"column":21}},"type":"if","locations":[{"start":{"line":114,"column":20},"end":{"line":116,"column":21}},{"start":{},"end":{}}],"line":114},"12":{"loc":{"start":{"line":136,"column":8},"end":{"line":139,"column":9}},"type":"if","locations":[{"start":{"line":136,"column":8},"end":{"line":139,"column":9}},{"start":{},"end":{}}],"line":136},"13":{"loc":{"start":{"line":149,"column":8},"end":{"line":152,"column":9}},"type":"if","locations":[{"start":{"line":149,"column":8},"end":{"line":152,"column":9}},{"start":{},"end":{}}],"line":149},"14":{"loc":{"start":{"line":165,"column":8},"end":{"line":168,"column":9}},"type":"if","locations":[{"start":{"line":165,"column":8},"end":{"line":168,"column":9}},{"start":{},"end":{}}],"line":165},"15":{"loc":{"start":{"line":169,"column":8},"end":{"line":171,"column":9}},"type":"if","locations":[{"start":{"line":169,"column":8},"end":{"line":171,"column":9}},{"start":{},"end":{}}],"line":169},"16":{"loc":{"start":{"line":180,"column":12},"end":{"line":183,"column":13}},"type":"if","locations":[{"start":{"line":180,"column":12},"end":{"line":183,"column":13}},{"start":{},"end":{}}],"line":180},"17":{"loc":{"start":{"line":184,"column":12},"end":{"line":186,"column":13}},"type":"if","locations":[{"start":{"line":184,"column":12},"end":{"line":186,"column":13}},{"start":{},"end":{}}],"line":184},"18":{"loc":{"start":{"line":201,"column":8},"end":{"line":204,"column":9}},"type":"if","locations":[{"start":{"line":201,"column":8},"end":{"line":204,"column":9}},{"start":{},"end":{}}],"line":201},"19":{"loc":{"start":{"line":205,"column":8},"end":{"line":207,"column":9}},"type":"if","locations":[{"start":{"line":205,"column":8},"end":{"line":207,"column":9}},{"start":{},"end":{}}],"line":205}},"s":{"0":1,"1":2,"2":2,"3":2,"4":2,"5":0,"6":2,"7":1,"8":1,"9":1,"10":1,"11":1,"12":1,"13":1,"14":0,"15":1,"16":1,"17":1,"18":1,"19":0,"20":1,"21":0,"22":1,"23":1,"24":0,"25":1,"26":1,"27":0,"28":1,"29":0,"30":1,"31":1,"32":1,"33":1,"34":0,"35":1,"36":0,"37":1,"38":2,"39":2,"40":2,"41":1,"42":1,"43":2,"44":2,"45":2,"46":1,"47":1,"48":5,"49":5,"50":5,"51":1,"52":4,"53":1,"54":3,"55":3,"56":3,"57":1,"58":2,"59":1,"60":1,"61":1,"62":1,"63":1,"64":0,"65":1,"66":1,"67":0,"68":1},"f":{"0":2,"1":2,"2":1,"3":1,"4":1,"5":1,"6":1,"7":1,"8":1,"9":2,"10":2,"11":2,"12":2,"13":5,"14":5,"15":3,"16":1,"17":1},"b":{"0":[0,2],"1":[1,1],"2":[0,1],"3":[0,1],"4":[0,1],"5":[0,1],"6":[0,1],"7":[0,1],"8":[1,1],"9":[1,0],"10":[0,1],"11":[0,1],"12":[1,1],"13":[1,1],"14":[1,4],"15":[1,3],"16":[1,2],"17":[1,1],"18":[0,1],"19":[1,0]},"_coverageSchema":"1a1c01bbd47fc00a2c39e90264f33305004495a9","hash":"10cd5b61b685e197259ae39ae4511189401bf6d2"}
}
