TN:
SF:consultas.js
FN:4,validarCuenta
FN:16,(anonymous_1)
FN:38,mostrar
FN:48,(anonymous_3)
FN:59,modificarUser
FN:65,(anonymous_5)
FN:77,cambiarStatus
FN:88,(anonymous_7)
FN:106,(anonymous_8)
FN:131,mostrarReportes
FN:135,(anonymous_10)
FN:144,registrosHistorialReportes
FN:148,(anonymous_12)
FN:157,cerrarReporte
FN:164,(anonymous_14)
FN:179,(anonymous_15)
FN:194,cambiarContrasena
FN:200,(anonymous_17)
FNF:18
FNH:18
FNDA:2,validarCuenta
FNDA:2,(anonymous_1)
FNDA:1,mostrar
FNDA:1,(anonymous_3)
FNDA:1,modificarUser
FNDA:1,(anonymous_5)
FNDA:1,cambiarStatus
FNDA:1,(anonymous_7)
FNDA:1,(anonymous_8)
FNDA:2,mostrarReportes
FNDA:2,(anonymous_10)
FNDA:2,registrosHistorialReportes
FNDA:2,(anonymous_12)
FNDA:5,cerrarReporte
FNDA:5,(anonymous_14)
FNDA:3,(anonymous_15)
FNDA:1,cambiarContrasena
FNDA:1,(anonymous_17)
DA:1,1
DA:7,2
DA:14,2
DA:16,2
DA:17,2
DA:19,0
DA:22,2
DA:24,1
DA:28,1
DA:34,1
DA:39,1
DA:46,1
DA:48,1
DA:49,1
DA:51,0
DA:54,1
DA:60,1
DA:65,1
DA:66,1
DA:68,0
DA:70,1
DA:71,0
DA:73,1
DA:78,1
DA:79,0
DA:85,1
DA:89,1
DA:91,0
DA:94,1
DA:95,0
DA:98,1
DA:99,1
DA:103,1
DA:107,1
DA:109,0
DA:114,1
DA:115,0
DA:118,1
DA:132,2
DA:135,2
DA:136,2
DA:138,1
DA:140,1
DA:145,2
DA:148,2
DA:149,2
DA:151,1
DA:153,1
DA:158,5
DA:164,5
DA:165,5
DA:167,1
DA:169,4
DA:170,1
DA:174,3
DA:179,3
DA:180,3
DA:182,1
DA:184,2
DA:185,1
DA:189,1
DA:195,1
DA:200,1
DA:201,1
DA:203,0
DA:205,1
DA:206,1
DA:208,0
DA:212,1
LF:69
LH:58
BRDA:17,0,0,0
BRDA:17,0,1,2
BRDA:22,1,0,1
BRDA:22,1,1,1
BRDA:49,2,0,0
BRDA:49,2,1,1
BRDA:66,3,0,0
BRDA:66,3,1,1
BRDA:70,4,0,0
BRDA:70,4,1,1
BRDA:78,5,0,0
BRDA:78,5,1,1
BRDA:89,6,0,0
BRDA:89,6,1,1
BRDA:94,7,0,0
BRDA:94,7,1,1
BRDA:94,8,0,1
BRDA:94,8,1,1
BRDA:99,9,0,1
BRDA:99,9,1,0
BRDA:107,10,0,0
BRDA:107,10,1,1
BRDA:114,11,0,0
BRDA:114,11,1,1
BRDA:136,12,0,1
BRDA:136,12,1,1
BRDA:149,13,0,1
BRDA:149,13,1,1
BRDA:165,14,0,1
BRDA:165,14,1,4
BRDA:169,15,0,1
BRDA:169,15,1,3
BRDA:180,16,0,1
BRDA:180,16,1,2
BRDA:184,17,0,1
BRDA:184,17,1,1
BRDA:201,18,0,0
BRDA:201,18,1,1
BRDA:205,19,0,1
BRDA:205,19,1,0
BRF:40
BRH:28
end_of_record
